Copyright 1986-2022 Xilinx, Inc. All Rights Reserved. Copyright 2022-2023 Advanced Micro Devices, Inc. All Rights Reserved.
---------------------------------------------------------------------------------------------------------------------------------------------
| Tool Version : Vivado v.2023.1 (win64) Build 3865809 Sun May  7 15:05:29 MDT 2023
| Date         : Mon Jun 23 16:38:36 2025
| Host         : LAPTOP-TCIG5LLE running 64-bit major release  (build 9200)
| Command      : report_utilization -file design_1_wrapper_utilization_placed.rpt -pb design_1_wrapper_utilization_placed.pb
| Design       : design_1_wrapper
| Device       : xczu7ev-ffvc1156-2-e
| Speed File   : -2
| Design State : Fully Placed
---------------------------------------------------------------------------------------------------------------------------------------------

Utilization Design Information

Table of Contents
-----------------
1. CLB Logic
1.1 Summary of Registers by Type
2. CLB Logic Distribution
3. BLOCKRAM
4. ARITHMETIC
5. I/O
6. CLOCK
7. ADVANCED
8. CONFIGURATION
9. Primitives
10. Black Boxes
11. Instantiated Netlists

1. CLB Logic
------------

+----------------------------+------+-------+------------+-----------+-------+
|          Site Type         | Used | Fixed | Prohibited | Available | Util% |
+----------------------------+------+-------+------------+-----------+-------+
| CLB LUTs                   | 7301 |     0 |          0 |    230400 |  3.17 |
|   LUT as Logic             | 6263 |     0 |          0 |    230400 |  2.72 |
|   LUT as Memory            | 1038 |     0 |          0 |    101760 |  1.02 |
|     LUT as Distributed RAM |  632 |     0 |            |           |       |
|     LUT as Shift Register  |  406 |     0 |            |           |       |
| CLB Registers              | 8243 |     0 |          0 |    460800 |  1.79 |
|   Register as Flip Flop    | 8243 |     0 |          0 |    460800 |  1.79 |
|   Register as Latch        |    0 |     0 |          0 |    460800 |  0.00 |
| CARRY8                     |   38 |     0 |          0 |     28800 |  0.13 |
| F7 Muxes                   |   13 |     0 |          0 |    115200 |  0.01 |
| F8 Muxes                   |    0 |     0 |          0 |     57600 |  0.00 |
| F9 Muxes                   |    0 |     0 |          0 |     28800 |  0.00 |
+----------------------------+------+-------+------------+-----------+-------+
* Warning! LUT value is adjusted to account for LUT combining.


1.1 Summary of Registers by Type
--------------------------------

+-------+--------------+-------------+--------------+
| Total | Clock Enable | Synchronous | Asynchronous |
+-------+--------------+-------------+--------------+
| 0     |            _ |           - |            - |
| 0     |            _ |           - |          Set |
| 0     |            _ |           - |        Reset |
| 0     |            _ |         Set |            - |
| 0     |            _ |       Reset |            - |
| 0     |          Yes |           - |            - |
| 0     |          Yes |           - |          Set |
| 114   |          Yes |           - |        Reset |
| 453   |          Yes |         Set |            - |
| 7676  |          Yes |       Reset |            - |
+-------+--------------+-------------+--------------+


2. CLB Logic Distribution
-------------------------

+--------------------------------------------+------+-------+------------+-----------+-------+
|                  Site Type                 | Used | Fixed | Prohibited | Available | Util% |
+--------------------------------------------+------+-------+------------+-----------+-------+
| CLB                                        | 1520 |     0 |          0 |     28800 |  5.28 |
|   CLBL                                     |  724 |     0 |            |           |       |
|   CLBM                                     |  796 |     0 |            |           |       |
| LUT as Logic                               | 6263 |     0 |          0 |    230400 |  2.72 |
|   using O5 output only                     |  429 |       |            |           |       |
|   using O6 output only                     | 3872 |       |            |           |       |
|   using O5 and O6                          | 1962 |       |            |           |       |
| LUT as Memory                              | 1038 |     0 |          0 |    101760 |  1.02 |
|   LUT as Distributed RAM                   |  632 |     0 |            |           |       |
|     using O5 output only                   |    0 |       |            |           |       |
|     using O6 output only                   |    0 |       |            |           |       |
|     using O5 and O6                        |  632 |       |            |           |       |
|   LUT as Shift Register                    |  406 |     0 |            |           |       |
|     using O5 output only                   |    0 |       |            |           |       |
|     using O6 output only                   |  406 |       |            |           |       |
|     using O5 and O6                        |    0 |       |            |           |       |
| CLB Registers                              | 8243 |     0 |          0 |    460800 |  1.79 |
|   Register driven from within the CLB      | 5491 |       |            |           |       |
|   Register driven from outside the CLB     | 2752 |       |            |           |       |
|     LUT in front of the register is unused | 2150 |       |            |           |       |
|     LUT in front of the register is used   |  602 |       |            |           |       |
| Unique Control Sets                        |  684 |       |          0 |     57600 |  1.19 |
+--------------------------------------------+------+-------+------------+-----------+-------+
* * Note: Available Control Sets calculated as Slices * 2, Review the Control Sets Report for more information regarding control sets.


3. BLOCKRAM
-----------

+-------------------+------+-------+------------+-----------+-------+
|     Site Type     | Used | Fixed | Prohibited | Available | Util% |
+-------------------+------+-------+------------+-----------+-------+
| Block RAM Tile    |    9 |     0 |          0 |       312 |  2.88 |
|   RAMB36/FIFO*    |    8 |     0 |          0 |       312 |  2.56 |
|     RAMB36E2 only |    8 |       |            |           |       |
|   RAMB18          |    2 |     0 |          0 |       624 |  0.32 |
|     RAMB18E2 only |    2 |       |            |           |       |
| URAM              |    0 |     0 |          0 |        96 |  0.00 |
+-------------------+------+-------+------------+-----------+-------+
* Note: Each Block RAM Tile only has one FIFO logic available and therefore can accommodate only one FIFO36E2 or one FIFO18E2. However, if a FIFO18E2 occupies a Block RAM Tile, that tile can still accommodate a RAMB18E2


4. ARITHMETIC
-------------

+-----------+------+-------+------------+-----------+-------+
| Site Type | Used | Fixed | Prohibited | Available | Util% |
+-----------+------+-------+------------+-----------+-------+
| DSPs      |    0 |     0 |          0 |      1728 |  0.00 |
+-----------+------+-------+------------+-----------+-------+


5. I/O
------

+------------------+------+-------+------------+-----------+-------+
|     Site Type    | Used | Fixed | Prohibited | Available | Util% |
+------------------+------+-------+------------+-----------+-------+
| Bonded IOB       |    1 |     1 |          0 |       360 |  0.28 |
| HPIOB_M          |    1 |     1 |          0 |       144 |  0.69 |
|   INPUT          |    1 |       |            |           |       |
|   OUTPUT         |    0 |       |            |           |       |
|   BIDIR          |    0 |       |            |           |       |
| HPIOB_S          |    0 |     0 |          0 |       144 |  0.00 |
| HDIOB_M          |    0 |     0 |          0 |        24 |  0.00 |
| HDIOB_S          |    0 |     0 |          0 |        24 |  0.00 |
| HPIOB_SNGL       |    0 |     0 |          0 |        24 |  0.00 |
| HPIOBDIFFINBUF   |    0 |     0 |          0 |       192 |  0.00 |
| HPIOBDIFFOUTBUF  |    0 |     0 |          0 |       192 |  0.00 |
| HDIOBDIFFINBUF   |    0 |     0 |          0 |        48 |  0.00 |
| BITSLICE_CONTROL |    0 |     0 |          0 |        64 |  0.00 |
| BITSLICE_RX_TX   |    0 |     0 |          0 |      2496 |  0.00 |
| BITSLICE_TX      |    0 |     0 |          0 |        64 |  0.00 |
| RIU_OR           |    0 |     0 |          0 |        32 |  0.00 |
+------------------+------+-------+------------+-----------+-------+


6. CLOCK
--------

+----------------------+------+-------+------------+-----------+-------+
|       Site Type      | Used | Fixed | Prohibited | Available | Util% |
+----------------------+------+-------+------------+-----------+-------+
| GLOBAL CLOCK BUFFERs |    1 |     0 |          0 |       544 |  0.18 |
|   BUFGCE             |    0 |     0 |          0 |       208 |  0.00 |
|   BUFGCE_DIV         |    0 |     0 |          0 |        32 |  0.00 |
|   BUFG_GT            |    0 |     0 |          0 |       144 |  0.00 |
|   BUFG_PS            |    1 |     0 |          0 |        96 |  1.04 |
|   BUFGCTRL*          |    0 |     0 |          0 |        64 |  0.00 |
| PLL                  |    0 |     0 |          0 |        16 |  0.00 |
| MMCM                 |    0 |     0 |          0 |         8 |  0.00 |
+----------------------+------+-------+------------+-----------+-------+
* Note: Each used BUFGCTRL counts as two GLOBAL CLOCK BUFFERs. This table does not include global clocking resources, only buffer cell usage. See the Clock Utilization Report (report_clock_utilization) for detailed accounting of global clocking resource availability.


7. ADVANCED
-----------

+-----------------+------+-------+------------+-----------+--------+
|    Site Type    | Used | Fixed | Prohibited | Available |  Util% |
+-----------------+------+-------+------------+-----------+--------+
| GTHE4_CHANNEL   |    0 |     0 |          0 |        20 |   0.00 |
| GTHE4_COMMON    |    0 |     0 |          0 |         5 |   0.00 |
| OBUFDS_GTE4     |    0 |     0 |          0 |        10 |   0.00 |
| OBUFDS_GTE4_ADV |    0 |     0 |          0 |        10 |   0.00 |
| PCIE40E4        |    0 |     0 |          0 |         2 |   0.00 |
| PS8             |    1 |     0 |          0 |         1 | 100.00 |
| SYSMONE4        |    0 |     0 |          0 |         1 |   0.00 |
| VCU             |    0 |     0 |          0 |         1 |   0.00 |
+-----------------+------+-------+------------+-----------+--------+


8. CONFIGURATION
----------------

+-------------+------+-------+------------+-----------+-------+
|  Site Type  | Used | Fixed | Prohibited | Available | Util% |
+-------------+------+-------+------------+-----------+-------+
| BSCANE2     |    0 |     0 |          0 |         4 |  0.00 |
| DNA_PORTE2  |    0 |     0 |          0 |         1 |  0.00 |
| EFUSE_USR   |    0 |     0 |          0 |         1 |  0.00 |
| FRAME_ECCE4 |    0 |     0 |          0 |         1 |  0.00 |
| ICAPE3      |    0 |     0 |          0 |         2 |  0.00 |
| MASTER_JTAG |    0 |     0 |          0 |         1 |  0.00 |
| STARTUPE3   |    0 |     0 |          0 |         1 |  0.00 |
+-------------+------+-------+------------+-----------+-------+


9. Primitives
-------------

+----------+------+---------------------+
| Ref Name | Used | Functional Category |
+----------+------+---------------------+
| FDRE     | 7676 |            Register |
| LUT6     | 2449 |                 CLB |
| LUT3     | 1809 |                 CLB |
| LUT5     | 1517 |                 CLB |
| LUT4     | 1300 |                 CLB |
| RAMD32   | 1106 |                 CLB |
| LUT2     |  806 |                 CLB |
| FDSE     |  453 |            Register |
| LUT1     |  344 |                 CLB |
| SRL16E   |  221 |                 CLB |
| SRLC32E  |  185 |                 CLB |
| RAMS32   |  158 |                 CLB |
| FDCE     |  114 |            Register |
| CARRY8   |   38 |                 CLB |
| MUXF7    |   13 |                 CLB |
| RAMB36E2 |    8 |            BLOCKRAM |
| RAMB18E2 |    2 |            BLOCKRAM |
| PS8      |    1 |            Advanced |
| INBUF    |    1 |                 I/O |
| IBUFCTRL |    1 |              Others |
| BUFG_PS  |    1 |               Clock |
+----------+------+---------------------+


10. Black Boxes
---------------

+----------+------+
| Ref Name | Used |
+----------+------+


11. Instantiated Netlists
-------------------------

+--------------------------------+------+
|            Ref Name            | Used |
+--------------------------------+------+
| design_1_zynq_ultra_ps_e_0_0   |    1 |
| design_1_zero_pad_8_to_32_0_1  |    1 |
| design_1_zero_pad_8_to_32_0_0  |    1 |
| design_1_util_vector_logic_0_0 |    1 |
| design_1_rst_ps8_0_96M_0       |    1 |
| design_1_new_7_0_1             |    1 |
| design_1_blk_mem_gen_3_0       |    1 |
| design_1_blk_mem_gen_0_3       |    1 |
| design_1_blk_mem_gen_0_1       |    1 |
| design_1_blk_mem_gen_0_0       |    1 |
| design_1_axi_smc_0             |    1 |
| design_1_axi_gpio_0_0          |    1 |
| design_1_axi_bram_ctrl_3_1     |    1 |
| design_1_axi_bram_ctrl_0_3     |    1 |
| design_1_axi_bram_ctrl_0_2     |    1 |
| design_1_axi_bram_ctrl_0_0     |    1 |
+--------------------------------+------+


