Task "Create Project" successful.
Generated logfile: 
ECHO is off.
ECHO is off.

****** Vivado v2023.1 (64-bit)
  **** SW Build 3865809 on Sun May  7 15:05:29 MDT 2023
  **** IP Build 3864474 on Sun May  7 20:36:21 MDT 2023
  **** SharedData Build 3865790 on Sun May 07 13:33:03 MDT 2023
    ** Copyright 1986-2022 Xilinx, Inc. All Rights Reserved.
    ** Copyright 2022-2023 Advanced Micro Devices, Inc. All Rights Reserved.

source new_7_Xilinx_Vivado_run.tcl -notrace
### Open existing Xilinx Vivado 2023.1 project <a href="matlab:downstream.handle('Model','new_7').openTargetTool;">hdl_prj\vivado_prj\new_7_vivado.xpr</a>
Scanning sources...
Finished scanning sources
open_project: Time (s): cpu = 00:00:05 ; elapsed = 00:00:06 . Memory (MB): peak = 465.484 ; gain = 186.656
### Set Xilinx Vivado 2023.1 project properties
### Update Xilinx Vivado 2023.1 project with HDL source files
WARNING: [Vivado 12-818] No files matched '*.tcl'
### Close Xilinx Vivado 2023.1 project.
INFO: [Common 17-206] Exiting Vivado at Mon Jun 16 13:34:39 2025...

Elapsed time is 11.9712 seconds.
