
*** Running vivado
    with args -log design_1_blk_mem_gen_3_0.vds -m64 -product Vivado -mode batch -messageDb vivado.pb -notrace -source design_1_blk_mem_gen_3_0.tcl


ECHO is off.
ECHO is off.

****** Vivado v2023.1 (64-bit)
  **** SW Build 3865809 on Sun May  7 15:05:29 MDT 2023
  **** IP Build 3864474 on Sun May  7 20:36:21 MDT 2023
  **** SharedData Build 3865790 on Sun May 07 13:33:03 MDT 2023
    ** Copyright 1986-2022 Xilinx, Inc. All Rights Reserved.
    ** Copyright 2022-2023 Advanced Micro Devices, Inc. All Rights Reserved.

source design_1_blk_mem_gen_3_0.tcl -notrace
create_project: Time (s): cpu = 00:00:07 ; elapsed = 00:00:08 . Memory (MB): peak = 442.129 ; gain = 162.973
INFO: [IP_Flow 19-6924] IPCACHE: Running cache check for IP inst: design_1_blk_mem_gen_3_0
INFO: [IP_Flow 19-6922] IPCACHE: Exporting cached entry bde9e634f6c19e94 to dir: C:/my pc/desktop/matlab/exp8_io/hdl_prj/vivado_prj/new_7_vivado.runs/design_1_blk_mem_gen_3_0_synth_1
INFO: [IP_Flow 19-6928] IPCACHE: copied cached file c:/my pc/desktop/matlab/exp8_io/hdl_prj/vivado_prj/new_7_vivado.cache/ip/2023.1/b/d/bde9e634f6c19e94/design_1_blk_mem_gen_0_1.dcp to C:/my pc/desktop/matlab/exp8_io/hdl_prj/vivado_prj/new_7_vivado.runs/design_1_blk_mem_gen_3_0_synth_1/design_1_blk_mem_gen_3_0.dcp.
INFO: [IP_Flow 19-6928] IPCACHE: copied cached file c:/my pc/desktop/matlab/exp8_io/hdl_prj/vivado_prj/new_7_vivado.cache/ip/2023.1/b/d/bde9e634f6c19e94/design_1_blk_mem_gen_0_1_sim_netlist.v to C:/my pc/desktop/matlab/exp8_io/hdl_prj/vivado_prj/new_7_vivado.runs/design_1_blk_mem_gen_3_0_synth_1/design_1_blk_mem_gen_3_0_sim_netlist.v.
INFO: [IP_Flow 19-6928] IPCACHE: copied cached file c:/my pc/desktop/matlab/exp8_io/hdl_prj/vivado_prj/new_7_vivado.cache/ip/2023.1/b/d/bde9e634f6c19e94/design_1_blk_mem_gen_0_1_sim_netlist.vhdl to C:/my pc/desktop/matlab/exp8_io/hdl_prj/vivado_prj/new_7_vivado.runs/design_1_blk_mem_gen_3_0_synth_1/design_1_blk_mem_gen_3_0_sim_netlist.vhdl.
INFO: [IP_Flow 19-6928] IPCACHE: copied cached file c:/my pc/desktop/matlab/exp8_io/hdl_prj/vivado_prj/new_7_vivado.cache/ip/2023.1/b/d/bde9e634f6c19e94/design_1_blk_mem_gen_0_1_stub.v to C:/my pc/desktop/matlab/exp8_io/hdl_prj/vivado_prj/new_7_vivado.runs/design_1_blk_mem_gen_3_0_synth_1/design_1_blk_mem_gen_3_0_stub.v.
INFO: [IP_Flow 19-6928] IPCACHE: copied cached file c:/my pc/desktop/matlab/exp8_io/hdl_prj/vivado_prj/new_7_vivado.cache/ip/2023.1/b/d/bde9e634f6c19e94/design_1_blk_mem_gen_0_1_stub.vhdl to C:/my pc/desktop/matlab/exp8_io/hdl_prj/vivado_prj/new_7_vivado.runs/design_1_blk_mem_gen_3_0_synth_1/design_1_blk_mem_gen_3_0_stub.vhdl.
INFO: [IP_Flow 19-4838] Using cached IP synthesis design for IP design_1_blk_mem_gen_3_0, cache-ID = bde9e634f6c19e94.
INFO: [Common 17-206] Exiting Vivado at Tue Jun 17 18:13:41 2025...
